🔧 Starting local deployment for automated-bash-script...
🚀 Building and starting containers...
#1 [internal] load local bake definitions
#1 reading from stdin 588B done
#1 DONE 0.0s

#2 [internal] load build definition from Dockerfile
#2 transferring dockerfile: 559B 0.1s done
#2 DONE 0.4s

#3 [internal] load metadata for docker.io/library/python:3.10-slim
#3 DONE 4.7s

#4 [internal] load .dockerignore
#4 transferring context:
#4 transferring context: 2B 0.0s done
#4 DONE 0.4s

#5 [internal] load build context
#5 transferring context: 171.78kB 0.5s done
#5 ...

#6 [1/5] FROM docker.io/library/python:3.10-slim@sha256:789331ea5bbe963f59b3edc6cd6f2091f08c59ccbfd2065579604f0b89b72e7a
#6 resolve docker.io/library/python:3.10-slim@sha256:789331ea5bbe963f59b3edc6cd6f2091f08c59ccbfd2065579604f0b89b72e7a 0.6s done
#6 DONE 0.7s

#5 [internal] load build context
#5 DONE 0.8s

#7 [3/5] COPY requirements.txt .
#7 CACHED

#8 [2/5] WORKDIR /app
#8 CACHED

#9 [4/5] RUN pip install --no-cache-dir -r requirements.txt
#9 CACHED

#10 [5/5] COPY . .
#10 DONE 3.2s

#11 exporting to image
#11 exporting layers
#11 exporting layers 7.0s done
#11 exporting manifest sha256:761e645c2701da603cc4a0316cfa1c88609384399d3f94dcf9ed86b97c72d062
#11 exporting manifest sha256:761e645c2701da603cc4a0316cfa1c88609384399d3f94dcf9ed86b97c72d062 0.4s done
#11 exporting config sha256:4d1df7d2630280f1330eb31c52959b15354a69f47b413f3de41dc034255c6c7a
#11 exporting config sha256:4d1df7d2630280f1330eb31c52959b15354a69f47b413f3de41dc034255c6c7a 0.4s done
#11 exporting attestation manifest sha256:4f0af1b4b406eae7c08043cd1baf9a89230cf67eacacd88ff07ab58b36d5c613
#11 exporting attestation manifest sha256:4f0af1b4b406eae7c08043cd1baf9a89230cf67eacacd88ff07ab58b36d5c613 0.8s done
#11 exporting manifest list sha256:898bc3ef3d8b8475996ae08ca561a1c8d53de32fecc9efc131623ebef00b0269
#11 exporting manifest list sha256:898bc3ef3d8b8475996ae08ca561a1c8d53de32fecc9efc131623ebef00b0269 0.3s done
#11 naming to docker.io/library/automated-bash-script-flask:latest
#11 naming to docker.io/library/automated-bash-script-flask:latest 0.1s done
#11 unpacking to docker.io/library/automated-bash-script-flask:latest
#11 unpacking to docker.io/library/automated-bash-script-flask:latest 2.0s done
#11 DONE 11.7s

#12 resolving provenance for metadata file
#12 DONE 0.3s
 automated-bash-script-flask  Built
 Network automated-bash-script_default  Creating
 Network automated-bash-script_default  Created
 Container automated-bash-script_flask  Creating
 Container automated-bash-script_flask  Created
 Container automated-bash-script_nginx  Creating
 Container automated-bash-script_nginx  Created
 Container automated-bash-script_flask  Starting
 Container automated-bash-script_flask  Started
 Container automated-bash-script_nginx  Starting
 Container automated-bash-script_nginx  Started
📦 Checking running containers...
CONTAINER ID   IMAGE                         COMMAND                  CREATED          STATUS          PORTS                                 NAMES
5c7790595d03   nginx:latest                  "/docker-entrypoint.…"   17 seconds ago   Up 12 seconds   0.0.0.0:80->80/tcp, [::]:80->80/tcp   automated-bash-script_nginx
55424e6fdb8d   automated-bash-script-flask   "flask run"              20 seconds ago   Up 19 seconds   5000/tcp                              automated-bash-script_flask
✅ Flask container is running properly!
