============================================================
🚀 Starting deployment at Wed, Oct 22, 2025  9:29:28 PM
============================================================
📁 Repository already exists. Pulling latest changes...
🐳 Building and deploying containers...
 Container automated-bash-script_nginx  Stopping
 Container automated-bash-script_nginx  Stopped
 Container automated-bash-script_nginx  Removing
 Container automated-bash-script_nginx  Removed
 Container automated-bash-script_flask  Stopping
 Container automated-bash-script_flask  Stopped
 Container automated-bash-script_flask  Removing
 Container automated-bash-script_flask  Removed
 Network automated-bash-script_default  Removing
 Network automated-bash-script_default  Removed
#1 [internal] load local bake definitions
#1 reading from stdin 588B done
#1 DONE 0.0s

#2 [internal] load build definition from Dockerfile
#2 transferring dockerfile: 30B 0.0s
#2 transferring dockerfile: 559B 0.1s done
#2 DONE 0.3s

#3 [internal] load metadata for docker.io/library/python:3.10-slim
#3 ...

#4 [auth] library/python:pull token for registry-1.docker.io
#4 DONE 0.0s

#3 [internal] load metadata for docker.io/library/python:3.10-slim
#3 DONE 7.5s

#5 [internal] load .dockerignore
#5 transferring context: 0.0s
#5 transferring context: 2B 0.0s done
#5 DONE 0.3s

#6 [internal] load build context
#6 transferring context: 130.69kB done
#6 DONE 4.4s

#7 [1/5] FROM docker.io/library/python:3.10-slim@sha256:789331ea5bbe963f59b3edc6cd6f2091f08c59ccbfd2065579604f0b89b72e7a
#7 resolve docker.io/library/python:3.10-slim@sha256:789331ea5bbe963f59b3edc6cd6f2091f08c59ccbfd2065579604f0b89b72e7a
#7 resolve docker.io/library/python:3.10-slim@sha256:789331ea5bbe963f59b3edc6cd6f2091f08c59ccbfd2065579604f0b89b72e7a 4.4s done
#7 DONE 4.6s

#8 [2/5] WORKDIR /app
#8 CACHED

#9 [3/5] COPY requirements.txt .
#9 CACHED

#10 [4/5] RUN pip install --no-cache-dir -r requirements.txt
#10 CACHED

#11 [5/5] COPY . .
#11 DONE 3.2s

#12 exporting to image
#12 exporting layers
#12 exporting layers 4.0s done
#12 exporting manifest sha256:66a161db01a74520e581146248a48076e09e2340c3aa585888343fba9566eb4d
#12 exporting manifest sha256:66a161db01a74520e581146248a48076e09e2340c3aa585888343fba9566eb4d 0.3s done
#12 exporting config sha256:1f60850e335e446713db236f9d8a01a55d67c1bc4a94146585bcaabcc16e86e3
#12 exporting config sha256:1f60850e335e446713db236f9d8a01a55d67c1bc4a94146585bcaabcc16e86e3 0.3s done
#12 exporting attestation manifest sha256:2872df141047337c400f01f606350d070debd064be09304235ac27f8b516e2d3
#12 exporting attestation manifest sha256:2872df141047337c400f01f606350d070debd064be09304235ac27f8b516e2d3 0.8s done
#12 exporting manifest list sha256:bfd284eec7c1939127a1e7560232ce7e4be5714e5a3005f18677170ef70c2fda
#12 exporting manifest list sha256:bfd284eec7c1939127a1e7560232ce7e4be5714e5a3005f18677170ef70c2fda 0.3s done
#12 naming to docker.io/library/automated-bash-script-flask:latest
#12 naming to docker.io/library/automated-bash-script-flask:latest 0.1s done
#12 unpacking to docker.io/library/automated-bash-script-flask:latest
#12 unpacking to docker.io/library/automated-bash-script-flask:latest 1.7s done
#12 DONE 7.8s

#13 resolving provenance for metadata file
#13 DONE 0.4s
 automated-bash-script-flask  Built
 Network automated-bash-script_default  Creating
 Network automated-bash-script_default  Created
 Container automated-bash-script_flask  Creating
 Container automated-bash-script_flask  Created
 Container automated-bash-script_nginx  Creating
 Container automated-bash-script_nginx  Created
 Container automated-bash-script_flask  Starting
 Container automated-bash-script_flask  Started
 Container automated-bash-script_nginx  Starting
 Container automated-bash-script_nginx  Started
🔍 Checking container status...
CONTAINER ID   IMAGE                         COMMAND                  CREATED          STATUS         PORTS                                 NAMES
663e30ea5135   nginx:latest                  "/docker-entrypoint.…"   10 seconds ago   Up 2 seconds   0.0.0.0:80->80/tcp, [::]:80->80/tcp   automated-bash-script_nginx
1aac2367b4cb   automated-bash-script-flask   "flask run"              21 seconds ago   Up 4 seconds   5000/tcp                              automated-bash-script_flask
🌐 Configuring Nginx reverse proxy...
2025/10/22 20:30:54 [emerg] 32#32: host not found in upstream "automated-bash-script-flask" in /etc/nginx/conf.d/flask_app.conf:4
nginx: [emerg] host not found in upstream "automated-bash-script-flask" in /etc/nginx/conf.d/flask_app.conf:4
nginx: configuration file /etc/nginx/nginx.conf test failed
